<?xml version="1.0" encoding="UTF-8"?>
<testsuite name="com.example.s25672bank.S25672BankApplicationTests" tests="1" skipped="0" failures="0" errors="0" timestamp="2023-01-22T16:21:29" hostname="A311-20" time="1.78">
  <properties/>
  <testcase name="contextLoads()" classname="com.example.s25672bank.S25672BankApplicationTests" time="1.78"/>
  <system-out><![CDATA[17:21:23.156 [Test worker] DEBUG org.springframework.boot.test.context.SpringBootTestContextBootstrapper - Neither @ContextConfiguration nor @ContextHierarchy found for test class [S25672BankApplicationTests]: using SpringBootContextLoader
17:21:23.172 [Test worker] DEBUG org.springframework.test.context.support.AbstractContextLoader - Could not detect default resource locations for test class [com.example.s25672bank.S25672BankApplicationTests]: no resource found for suffixes {-context.xml, Context.groovy}.
17:21:23.172 [Test worker] INFO org.springframework.test.context.support.AnnotationConfigContextLoaderUtils - Could not detect default configuration classes for test class [com.example.s25672bank.S25672BankApplicationTests]: S25672BankApplicationTests does not declare any static, non-private, non-final, nested classes annotated with @Configuration.
17:21:23.335 [Test worker] DEBUG org.springframework.boot.test.context.SpringBootTestContextBootstrapper - Using ContextCustomizers for test class [S25672BankApplicationTests]: [DisableObservabilityContextCustomizer, PropertyMappingContextCustomizer, Customizer, ExcludeFilterContextCustomizer, DuplicateJsonObjectContextCustomizer, MockitoContextCustomizer, TestRestTemplateContextCustomizer, WebTestClientContextCustomizer]
17:21:23.557 [Test worker] DEBUG org.springframework.context.annotation.ClassPathScanningCandidateComponentProvider - Identified candidate component class: file [Z:\mpr\kolos\MPR-lab5-master\s25672-bank\build\classes\java\main\com\example\s25672bank\S25672BankApplication.class]
17:21:23.557 [Test worker] INFO org.springframework.boot.test.context.SpringBootTestContextBootstrapper - Found @SpringBootConfiguration com.example.s25672bank.S25672BankApplication for test class com.example.s25672bank.S25672BankApplicationTests
17:21:24.005 [Test worker] DEBUG org.springframework.test.context.util.TestContextSpringFactoriesUtils - Skipping candidate TestExecutionListener [org.springframework.test.context.transaction.TransactionalTestExecutionListener] due to a missing dependency. Specify custom TestExecutionListener classes or make the default TestExecutionListener classes and their required dependencies available. Offending class: [org/springframework/transaction/interceptor/TransactionAttributeSource]
17:21:24.021 [Test worker] DEBUG org.springframework.test.context.util.TestContextSpringFactoriesUtils - Skipping candidate TestExecutionListener [org.springframework.test.context.jdbc.SqlScriptsTestExecutionListener] due to a missing dependency. Specify custom TestExecutionListener classes or make the default TestExecutionListener classes and their required dependencies available. Offending class: [org/springframework/transaction/interceptor/TransactionAttribute]
17:21:24.021 [Test worker] DEBUG org.springframework.boot.test.context.SpringBootTestContextBootstrapper - Using TestExecutionListeners for test class [S25672BankApplicationTests]: [ServletTestExecutionListener, DirtiesContextBeforeModesTestExecutionListener, ApplicationEventsTestExecutionListener, MockitoTestExecutionListener, DependencyInjectionTestExecutionListener, DirtiesContextTestExecutionListener, EventPublishingTestExecutionListener, RestDocsTestExecutionListener, MockRestServiceServerResetTestExecutionListener, MockMvcPrintOnlyOnFailureTestExecutionListener, WebDriverTestExecutionListener, MockWebServiceServerTestExecutionListener, ResetMocksTestExecutionListener]
17:21:24.021 [Test worker] DEBUG org.springframework.test.context.support.AbstractDirtiesContextTestExecutionListener - Before test class: class [S25672BankApplicationTests], class annotated with @DirtiesContext [false] with mode [null]

  .   ____          _            __ _ _
 /\\ / ___'_ __ _ _(_)_ __  __ _ \ \ \ \
( ( )\___ | '_ | '_| | '_ \/ _` | \ \ \ \
 \\/  ___)| |_)| | | | | || (_| |  ) ) ) )
  '  |____| .__|_| |_|_| |_\__, | / / / /
 =========|_|==============|___/=/_/_/_/
 :: Spring Boot ::                (v3.0.2)

2023-01-22T17:21:24.972+01:00  INFO 9456 --- [    Test worker] c.e.s.S25672BankApplicationTests         : Starting S25672BankApplicationTests using Java 17.0.4.1 with PID 9456 (started by s25672 in Z:\mpr\kolos\MPR-lab5-master\s25672-bank)
2023-01-22T17:21:24.972+01:00  INFO 9456 --- [    Test worker] c.e.s.S25672BankApplicationTests         : No active profile set, falling back to 1 default profile: "default"
2023-01-22T17:21:29.572+01:00  INFO 9456 --- [    Test worker] c.e.s.S25672BankApplicationTests         : Started S25672BankApplicationTests in 5.356 seconds (process running for 8.923)
]]></system-out>
  <system-err><![CDATA[]]></system-err>
</testsuite>
